INFO 2023-09-05 18:09:25,543 autoreload  Watching for file changes with StatReloader
INFO 2023-09-05 18:17:38,687 autoreload  Watching for file changes with StatReloader
INFO 2023-09-05 18:18:36,895 autoreload  C:\Users\germa\PycharmProjects\pythonProject\Newsportal\news\views.py changed, reloading.
INFO 2023-09-05 18:18:37,346 autoreload  C:\Users\germa\PycharmProjects\pythonProject\Newsportal\news\views.py changed, reloading.
INFO 2023-09-05 18:18:37,820 autoreload  Watching for file changes with StatReloader
INFO 2023-09-05 18:18:38,308 autoreload  Watching for file changes with StatReloader
INFO 2023-09-05 18:19:12,085 autoreload  C:\Users\germa\PycharmProjects\pythonProject\Newsportal\news\views.py changed, reloading.
INFO 2023-09-05 18:19:12,345 autoreload  C:\Users\germa\PycharmProjects\pythonProject\Newsportal\news\views.py changed, reloading.
INFO 2023-09-05 18:19:13,061 autoreload  Watching for file changes with StatReloader
INFO 2023-09-05 18:19:13,274 autoreload  Watching for file changes with StatReloader
INFO 2023-09-05 18:27:43,987 autoreload  C:\Users\germa\PycharmProjects\pythonProject\Newsportal\Newsportal\settings.py changed, reloading.
INFO 2023-09-05 18:27:44,003 autoreload  C:\Users\germa\PycharmProjects\pythonProject\Newsportal\Newsportal\settings.py changed, reloading.
INFO 2023-09-05 18:27:45,083 autoreload  Watching for file changes with StatReloader
INFO 2023-09-05 18:27:45,083 autoreload  Watching for file changes with StatReloader
INFO 2023-09-05 18:35:16,021 autoreload  Watching for file changes with StatReloader
WARNING 2023-09-05 18:37:57,166 log  Forbidden (CSRF token missing.): /news/create/
INFO 2023-09-05 18:38:45,595 autoreload  C:\Users\germa\PycharmProjects\pythonProject\Newsportal\Newsportal\settings.py changed, reloading.
INFO 2023-09-05 18:47:49,678 autoreload  Watching for file changes with StatReloader
INFO 2023-09-05 18:50:36,546 autoreload  C:\Users\germa\PycharmProjects\pythonProject\Newsportal\Newsportal\settings.py changed, reloading.
INFO 2023-09-05 18:50:37,382 autoreload  Watching for file changes with StatReloader
INFO 2023-09-05 18:50:47,812 autoreload  Watching for file changes with StatReloader
ERROR 2023-09-05 18:50:55,451 log  Internal Server Error: /news/
Traceback (most recent call last):
  File "C:\Users\germa\PycharmProjects\pythonProject\Newsportal\venv\Lib\site-packages\django\core\handlers\exception.py", line 55, in inner
    response = get_response(request)
               ^^^^^^^^^^^^^^^^^^^^^
  File "C:\Users\germa\PycharmProjects\pythonProject\Newsportal\venv\Lib\site-packages\django\core\handlers\base.py", line 220, in _get_response
    response = response.render()
               ^^^^^^^^^^^^^^^^^
  File "C:\Users\germa\PycharmProjects\pythonProject\Newsportal\venv\Lib\site-packages\django\template\response.py", line 114, in render
    self.content = self.rendered_content
                   ^^^^^^^^^^^^^^^^^^^^^
  File "C:\Users\germa\PycharmProjects\pythonProject\Newsportal\venv\Lib\site-packages\django\template\response.py", line 90, in rendered_content
    template = self.resolve_template(self.template_name)
               ^^^^^^^^^^^^^^^^^^^^^^^^^^^^^^^^^^^^^^^^^
  File "C:\Users\germa\PycharmProjects\pythonProject\Newsportal\venv\Lib\site-packages\django\template\response.py", line 72, in resolve_template
    return select_template(template, using=self.using)
           ^^^^^^^^^^^^^^^^^^^^^^^^^^^^^^^^^^^^^^^^^^^
  File "C:\Users\germa\PycharmProjects\pythonProject\Newsportal\venv\Lib\site-packages\django\template\loader.py", line 42, in select_template
    return engine.get_template(template_name)
           ^^^^^^^^^^^^^^^^^^^^^^^^^^^^^^^^^^
  File "C:\Users\germa\PycharmProjects\pythonProject\Newsportal\venv\Lib\site-packages\django\template\backends\django.py", line 33, in get_template
    return Template(self.engine.get_template(template_name), self)
                    ^^^^^^^^^^^^^^^^^^^^^^^^^^^^^^^^^^^^^^^
  File "C:\Users\germa\PycharmProjects\pythonProject\Newsportal\venv\Lib\site-packages\django\template\engine.py", line 175, in get_template
    template, origin = self.find_template(template_name)
                       ^^^^^^^^^^^^^^^^^^^^^^^^^^^^^^^^^
  File "C:\Users\germa\PycharmProjects\pythonProject\Newsportal\venv\Lib\site-packages\django\template\engine.py", line 157, in find_template
    template = loader.get_template(name, skip=skip)
               ^^^^^^^^^^^^^^^^^^^^^^^^^^^^^^^^^^^^
  File "C:\Users\germa\PycharmProjects\pythonProject\Newsportal\venv\Lib\site-packages\django\template\loaders\cached.py", line 57, in get_template
    template = super().get_template(template_name, skip)
               ^^^^^^^^^^^^^^^^^^^^^^^^^^^^^^^^^^^^^^^^^
  File "C:\Users\germa\PycharmProjects\pythonProject\Newsportal\venv\Lib\site-packages\django\template\loaders\base.py", line 23, in get_template
    contents = self.get_contents(origin)
               ^^^^^^^^^^^^^^^^^^^^^^^^^
  File "C:\Users\germa\PycharmProjects\pythonProject\Newsportal\venv\Lib\site-packages\django\template\loaders\cached.py", line 26, in get_contents
    return origin.loader.get_contents(origin)
           ^^^^^^^^^^^^^^^^^^^^^^^^^^^^^^^^^^
  File "C:\Users\germa\PycharmProjects\pythonProject\Newsportal\venv\Lib\site-packages\django\template\loaders\filesystem.py", line 22, in get_contents
    with open(origin.name, encoding=self.engine.file_charset) as fp:
         ^^^^^^^^^^^^^^^^^^^^^^^^^^^^^^^^^^^^^^^^^^^^^^^^^^^^
PermissionError: [Errno 13] Permission denied: 'C:\\Users\\germa\\PycharmProjects\\pythonProject\\Newsportal\\templates'
ERROR 2023-09-05 18:50:55,482 basehttp  "GET /news/ HTTP/1.1" 500 145
INFO 2023-09-05 18:56:51,584 autoreload  Watching for file changes with StatReloader
ERROR 2023-09-05 18:57:12,130 log  Internal Server Error: /news/
Traceback (most recent call last):
  File "C:\Users\germa\PycharmProjects\pythonProject\Newsportal\venv\Lib\site-packages\django\core\handlers\exception.py", line 55, in inner
    response = get_response(request)
               ^^^^^^^^^^^^^^^^^^^^^
  File "C:\Users\germa\PycharmProjects\pythonProject\Newsportal\venv\Lib\site-packages\django\core\handlers\base.py", line 220, in _get_response
    response = response.render()
               ^^^^^^^^^^^^^^^^^
  File "C:\Users\germa\PycharmProjects\pythonProject\Newsportal\venv\Lib\site-packages\django\template\response.py", line 114, in render
    self.content = self.rendered_content
                   ^^^^^^^^^^^^^^^^^^^^^
  File "C:\Users\germa\PycharmProjects\pythonProject\Newsportal\venv\Lib\site-packages\django\template\response.py", line 90, in rendered_content
    template = self.resolve_template(self.template_name)
               ^^^^^^^^^^^^^^^^^^^^^^^^^^^^^^^^^^^^^^^^^
  File "C:\Users\germa\PycharmProjects\pythonProject\Newsportal\venv\Lib\site-packages\django\template\response.py", line 72, in resolve_template
    return select_template(template, using=self.using)
           ^^^^^^^^^^^^^^^^^^^^^^^^^^^^^^^^^^^^^^^^^^^
  File "C:\Users\germa\PycharmProjects\pythonProject\Newsportal\venv\Lib\site-packages\django\template\loader.py", line 42, in select_template
    return engine.get_template(template_name)
           ^^^^^^^^^^^^^^^^^^^^^^^^^^^^^^^^^^
  File "C:\Users\germa\PycharmProjects\pythonProject\Newsportal\venv\Lib\site-packages\django\template\backends\django.py", line 33, in get_template
    return Template(self.engine.get_template(template_name), self)
                    ^^^^^^^^^^^^^^^^^^^^^^^^^^^^^^^^^^^^^^^
  File "C:\Users\germa\PycharmProjects\pythonProject\Newsportal\venv\Lib\site-packages\django\template\engine.py", line 175, in get_template
    template, origin = self.find_template(template_name)
                       ^^^^^^^^^^^^^^^^^^^^^^^^^^^^^^^^^
  File "C:\Users\germa\PycharmProjects\pythonProject\Newsportal\venv\Lib\site-packages\django\template\engine.py", line 157, in find_template
    template = loader.get_template(name, skip=skip)
               ^^^^^^^^^^^^^^^^^^^^^^^^^^^^^^^^^^^^
  File "C:\Users\germa\PycharmProjects\pythonProject\Newsportal\venv\Lib\site-packages\django\template\loaders\cached.py", line 57, in get_template
    template = super().get_template(template_name, skip)
               ^^^^^^^^^^^^^^^^^^^^^^^^^^^^^^^^^^^^^^^^^
  File "C:\Users\germa\PycharmProjects\pythonProject\Newsportal\venv\Lib\site-packages\django\template\loaders\base.py", line 23, in get_template
    contents = self.get_contents(origin)
               ^^^^^^^^^^^^^^^^^^^^^^^^^
  File "C:\Users\germa\PycharmProjects\pythonProject\Newsportal\venv\Lib\site-packages\django\template\loaders\cached.py", line 26, in get_contents
    return origin.loader.get_contents(origin)
           ^^^^^^^^^^^^^^^^^^^^^^^^^^^^^^^^^^
  File "C:\Users\germa\PycharmProjects\pythonProject\Newsportal\venv\Lib\site-packages\django\template\loaders\filesystem.py", line 22, in get_contents
    with open(origin.name, encoding=self.engine.file_charset) as fp:
         ^^^^^^^^^^^^^^^^^^^^^^^^^^^^^^^^^^^^^^^^^^^^^^^^^^^^
PermissionError: [Errno 13] Permission denied: 'C:\\Users\\germa\\PycharmProjects\\pythonProject\\Newsportal\\templates'
ERROR 2023-09-05 18:57:12,162 basehttp  "GET /news/ HTTP/1.1" 500 145
INFO 2023-09-05 18:57:46,485 autoreload  C:\Users\germa\PycharmProjects\pythonProject\Newsportal\news\views.py changed, reloading.
INFO 2023-09-05 18:57:47,339 autoreload  Watching for file changes with StatReloader
